<?xml version="1.0" encoding="UTF-8"?>
<testsuite name="com.ceiba.usuario.servicio.ServicioActualizarUsuarioTest" tests="1" skipped="0" failures="0" errors="0" timestamp="2020-12-27T22:14:11" hostname="SERGIO-BERMUDEZ" time="0.317">
  <properties/>
  <testcase name="validarUsuarioExistenciaPreviaTest" classname="com.ceiba.usuario.servicio.ServicioActualizarUsuarioTest" time="0.317"/>
  <system-out><![CDATA[]]></system-out>
  <system-err><![CDATA[]]></system-err>
</testsuite>
